<?xml version="1.0" encoding="UTF-8"?>
<!-- Generated by org.testng.reporters.JUnitReportReporter -->
<testsuite hostname="LAPTOP-80RUN5J9" failures="0" tests="3" name="ccccc.AAAAAA" time="28.745" errors="0" timestamp="19 Nov 2021 06:35:13 GMT" skipped="0">
  <testcase classname="ccccc.AAAAAA" name="First_Login_Test" time="7.888"/>
  <testcase classname="ccccc.AAAAAA" name="AddInfo" time="10.615"/>
  <testcase classname="ccccc.AAAAAA" name="CustomerList" time="10.242"/>
</testsuite> <!-- ccccc.AAAAAA -->
